Determining if the pthread_create exist failed with the following output:
Change Dir: /home/mohammeddib/catkin_ws/build/CMakeFiles/CMakeTmp

Run Build Command:"/usr/bin/make" "cmTC_87a39/fast"
/usr/bin/make -f CMakeFiles/cmTC_87a39.dir/build.make CMakeFiles/cmTC_87a39.dir/build
make[1] : on entre dans le répertoire « /home/mohammeddib/catkin_ws/build/CMakeFiles/CMakeTmp »
Building C object CMakeFiles/cmTC_87a39.dir/CheckSymbolExists.c.o
/usr/bin/cc    -o CMakeFiles/cmTC_87a39.dir/CheckSymbolExists.c.o   -c /home/mohammeddib/catkin_ws/build/CMakeFiles/CMakeTmp/CheckSymbolExists.c
Linking C executable cmTC_87a39
/usr/bin/cmake -E cmake_link_script CMakeFiles/cmTC_87a39.dir/link.txt --verbose=1
/usr/bin/cc      -rdynamic CMakeFiles/cmTC_87a39.dir/CheckSymbolExists.c.o  -o cmTC_87a39 
CMakeFiles/cmTC_87a39.dir/CheckSymbolExists.c.o : Dans la fonction « main » :
CheckSymbolExists.c:(.text+0x1b) : référence indéfinie vers « pthread_create »
collect2: error: ld returned 1 exit status
CMakeFiles/cmTC_87a39.dir/build.make:97: recipe for target 'cmTC_87a39' failed
make[1]: *** [cmTC_87a39] Error 1
make[1] : on quitte le répertoire « /home/mohammeddib/catkin_ws/build/CMakeFiles/CMakeTmp »
Makefile:126: recipe for target 'cmTC_87a39/fast' failed
make: *** [cmTC_87a39/fast] Error 2

File /home/mohammeddib/catkin_ws/build/CMakeFiles/CMakeTmp/CheckSymbolExists.c:
/* */
#include <pthread.h>

int main(int argc, char** argv)
{
  (void)argv;
#ifndef pthread_create
  return ((int*)(&pthread_create))[argc];
#else
  (void)argc;
  return 0;
#endif
}

Determining if the function pthread_create exists in the pthreads failed with the following output:
Change Dir: /home/mohammeddib/catkin_ws/build/CMakeFiles/CMakeTmp

Run Build Command:"/usr/bin/make" "cmTC_e2069/fast"
/usr/bin/make -f CMakeFiles/cmTC_e2069.dir/build.make CMakeFiles/cmTC_e2069.dir/build
make[1] : on entre dans le répertoire « /home/mohammeddib/catkin_ws/build/CMakeFiles/CMakeTmp »
Building C object CMakeFiles/cmTC_e2069.dir/CheckFunctionExists.c.o
/usr/bin/cc   -DCHECK_FUNCTION_EXISTS=pthread_create   -o CMakeFiles/cmTC_e2069.dir/CheckFunctionExists.c.o   -c /usr/share/cmake-3.10/Modules/CheckFunctionExists.c
Linking C executable cmTC_e2069
/usr/bin/cmake -E cmake_link_script CMakeFiles/cmTC_e2069.dir/link.txt --verbose=1
/usr/bin/cc  -DCHECK_FUNCTION_EXISTS=pthread_create    -rdynamic CMakeFiles/cmTC_e2069.dir/CheckFunctionExists.c.o  -o cmTC_e2069 -lpthreads 
/usr/bin/ld : ne peut trouver -lpthreads
collect2: error: ld returned 1 exit status
CMakeFiles/cmTC_e2069.dir/build.make:97: recipe for target 'cmTC_e2069' failed
make[1]: *** [cmTC_e2069] Error 1
make[1] : on quitte le répertoire « /home/mohammeddib/catkin_ws/build/CMakeFiles/CMakeTmp »
Makefile:126: recipe for target 'cmTC_e2069/fast' failed
make: *** [cmTC_e2069/fast] Error 2


